[debug] [2023-07-13T20:49:02.854Z] ----------------------------------------------------------------------
[debug] [2023-07-13T20:49:02.855Z] Command:       /Users/riccardo/.nvm/versions/node/v18.13.0/bin/node /Users/riccardo/.nvm/versions/node/v18.13.0/bin/firebase init
[debug] [2023-07-13T20:49:02.855Z] CLI Version:   12.4.4
[debug] [2023-07-13T20:49:02.856Z] Platform:      darwin
[debug] [2023-07-13T20:49:02.856Z] Node Version:  v18.13.0
[debug] [2023-07-13T20:49:02.856Z] Time:          Thu Jul 13 2023 22:49:02 GMT+0200 (Ora legale dell’Europa centrale)
[debug] [2023-07-13T20:49:02.856Z] ----------------------------------------------------------------------
[debug] 
[debug] [2023-07-13T20:49:02.860Z] > command requires scopes: ["email","openid","https://www.googleapis.com/auth/cloudplatformprojects.readonly","https://www.googleapis.com/auth/firebase","https://www.googleapis.com/auth/cloud-platform"]
[debug] [2023-07-13T20:49:02.861Z] > authorizing via signed-in user (riccardo.turri.25@gmail.com)
[info] 
     ######## #### ########  ######## ########     ###     ######  ########
     ##        ##  ##     ## ##       ##     ##  ##   ##  ##       ##
     ######    ##  ########  ######   ########  #########  ######  ######
     ##        ##  ##    ##  ##       ##     ## ##     ##       ## ##
     ##       #### ##     ## ######## ########  ##     ##  ######  ########

You're about to initialize a Firebase project in this directory:

  /Users/riccardo/Desktop/luca-carloni

[info] 
=== Project Setup
[info] 
[info] First, let's associate this project directory with a Firebase project.
[info] You can create multiple project aliases by running firebase use --add, 
[info] but for now we'll just set up a default project.
[info] 
[debug] [2023-07-13T20:49:12.295Z] >>> [apiv2][query] GET https://firebase.googleapis.com/v1beta1/projects pageSize=100
[debug] [2023-07-13T20:49:12.899Z] <<< [apiv2][status] GET https://firebase.googleapis.com/v1beta1/projects 200
[debug] [2023-07-13T20:49:12.899Z] <<< [apiv2][body] GET https://firebase.googleapis.com/v1beta1/projects [omitted]
[info] i  Using project luca-carloni (Luca-Carloni) 
[info] 
=== Hosting Setup
[info] 
[info] Your public directory is the folder (relative to your project directory) that
[info] will contain Hosting assets to be uploaded with firebase deploy. If you
[info] have a build process for your assets, use your build's output directory.
[info] 
[debug] [2023-07-13T20:49:40.351Z] >>> [apiv2][query] GET https://www.gstatic.com/firebasejs/releases.json [none]
[debug] [2023-07-13T20:49:40.410Z] <<< [apiv2][status] GET https://www.gstatic.com/firebasejs/releases.json 200
[debug] [2023-07-13T20:49:40.410Z] <<< [apiv2][body] GET https://www.gstatic.com/firebasejs/releases.json {"current":{"version":"10.0.0","browserURL":"https://www.gstatic.com/firebasejs/10.0.0/firebase.js","packageURL":"https://www.gstatic.com/firebasejs/10.0.0/firebase.tgz"},"live":{"version":"10.0","browserURL":"https://www.gstatic.com/firebasejs/live/10.0/firebase.js","packageURL":"https://www.gstatic.com/firebasejs/live/10.0/firebase.tgz"},"components":{"analytics":"https://www.gstatic.com/firebasejs/10.0.0/firebase-analytics.js","app":"https://www.gstatic.com/firebasejs/10.0.0/firebase-app.js","app-check":"https://www.gstatic.com/firebasejs/10.0.0/firebase-app-check.js","auth":"https://www.gstatic.com/firebasejs/10.0.0/firebase-auth.js","auth/cordova":"https://www.gstatic.com/firebasejs/10.0.0/firebase-auth/cordova.js","functions":"https://www.gstatic.com/firebasejs/10.0.0/firebase-functions.js","firestore":"https://www.gstatic.com/firebasejs/10.0.0/firebase-firestore.js","firestore/lite":"https://www.gstatic.com/firebasejs/10.0.0/firebase-firestore/lite.js","installations":"https://www.gstatic.com/firebasejs/10.0.0/firebase-installations.js","storage":"https://www.gstatic.com/firebasejs/10.0.0/firebase-storage.js","performance":"https://www.gstatic.com/firebasejs/10.0.0/firebase-performance.js","remote-config":"https://www.gstatic.com/firebasejs/10.0.0/firebase-remote-config.js","messaging":"https://www.gstatic.com/firebasejs/10.0.0/firebase-messaging.js","messaging/sw":"https://www.gstatic.com/firebasejs/10.0.0/firebase-messaging/sw.js","database":"https://www.gstatic.com/firebasejs/10.0.0/firebase-database.js","firestore.memory":"https://www.gstatic.com/firebasejs/10.0.0/firebase-firestore.memory.js"}}
[info] i  Skipping write of public/index.html 
[info] 
[info] i  Detected a .git folder at /Users/riccardo/Desktop 
[info] i  Authorizing with GitHub to upload your service account to a GitHub repository's secrets store. 
[info] 
[info] Visit this URL on this device to log in:
[info] https://github.com/login/oauth/authorize?client_id=89cf50f02ac6aaed3484&state=248568184&redirect_uri=http%3A%2F%2Flocalhost%3A9005&scope=read%3Auser%20repo%20public_repo
[info] 
[info] Waiting for authentication...
[debug] [2023-07-13T20:49:46.306Z] >>> [apiv2][query] POST https://github.com/login/oauth/access_token [none]
[debug] [2023-07-13T20:49:46.306Z] >>> [apiv2][body] POST https://github.com/login/oauth/access_token [stream]
[debug] [2023-07-13T20:49:46.934Z] <<< [apiv2][status] POST https://github.com/login/oauth/access_token 200
[debug] [2023-07-13T20:49:46.934Z] <<< [apiv2][body] POST https://github.com/login/oauth/access_token {"access_token":"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","token_type":"bearer","scope":"read:user,repo"}
[debug] [2023-07-13T20:49:46.940Z] >>> [apiv2][query] GET https://api.github.com/user [none]
[debug] [2023-07-13T20:49:47.236Z] <<< [apiv2][status] GET https://api.github.com/user 200
[debug] [2023-07-13T20:49:47.237Z] <<< [apiv2][body] GET https://api.github.com/user {"login":"daTrux","id":48359967,"node_id":"MDQ6VXNlcjQ4MzU5OTY3","avatar_url":"https://avatars.githubusercontent.com/u/48359967?v=4","gravatar_id":"","url":"https://api.github.com/users/daTrux","html_url":"https://github.com/daTrux","followers_url":"https://api.github.com/users/daTrux/followers","following_url":"https://api.github.com/users/daTrux/following{/other_user}","gists_url":"https://api.github.com/users/daTrux/gists{/gist_id}","starred_url":"https://api.github.com/users/daTrux/starred{/owner}{/repo}","subscriptions_url":"https://api.github.com/users/daTrux/subscriptions","organizations_url":"https://api.github.com/users/daTrux/orgs","repos_url":"https://api.github.com/users/daTrux/repos","events_url":"https://api.github.com/users/daTrux/events{/privacy}","received_events_url":"https://api.github.com/users/daTrux/received_events","type":"User","site_admin":false,"name":null,"company":null,"blog":"","location":null,"email":null,"hireable":null,"bio":null,"twitter_username":null,"public_repos":6,"public_gists":0,"followers":0,"following":0,"created_at":"2019-03-08T15:43:37Z","updated_at":"2023-07-13T19:51:33Z","private_gists":0,"total_private_repos":17,"owned_private_repos":16,"disk_usage":35436,"collaborators":1,"two_factor_authentication":true,"plan":{"name":"free","space":976562499,"collaborators":0,"private_repos":10000}}
[info] 
[info] ✔  Success! Logged into GitHub as daTrux 
[info] 
